{
  "RSpec": {
    "coverage": {
      "/Users/mutuba/Desktop/minesweeper-API/config/environment.rb": {
        "lines": [
          null,
          null,
          null,
          1,
          null,
          null,
          1
        ]
      },
      "/Users/mutuba/Desktop/minesweeper-API/config/application.rb": {
        "lines": [
          null,
          null,
          1,
          null,
          1,
          null,
          1,
          1,
          1,
          1,
          1,
          1,
          1,
          1,
          1,
          1,
          1,
          null,
          null,
          null,
          null,
          null,
          1,
          null,
          1,
          1,
          null,
          1,
          null,
          null,
          null,
          null,
          null,
          null,
          null,
          null,
          null,
          null,
          null,
          null,
          1,
          null,
          null,
          null
        ]
      },
      "/Users/mutuba/Desktop/minesweeper-API/config/boot.rb": {
        "lines": [
          null,
          null,
          1,
          null,
          1,
          1
        ]
      },
      "/Users/mutuba/Desktop/minesweeper-API/config/environments/test.rb": {
        "lines": [
          null,
          null,
          1,
          null,
          null,
          null,
          null,
          null,
          null,
          1,
          null,
          null,
          1,
          1,
          null,
          null,
          null,
          null,
          1,
          null,
          null,
          1,
          1,
          null,
          null,
          null,
          null,
          1,
          1,
          1,
          null,
          null,
          1,
          null,
          null,
          1,
          null,
          null,
          1,
          null,
          1,
          null,
          null,
          null,
          null,
          1,
          null,
          null,
          1,
          null,
          null,
          1,
          null,
          null,
          1,
          null,
          null,
          null,
          null,
          null,
          null,
          null
        ]
      },
      "/Users/mutuba/Desktop/minesweeper-API/config/initializers/application_controller_renderer.rb": {
        "lines": [
          null,
          null,
          null,
          null,
          null,
          null,
          null,
          null,
          null
        ]
      },
      "/Users/mutuba/Desktop/minesweeper-API/config/initializers/backtrace_silencers.rb": {
        "lines": [
          null,
          null,
          null,
          null,
          null,
          null,
          null,
          null,
          null,
          1
        ]
      },
      "/Users/mutuba/Desktop/minesweeper-API/config/initializers/cors.rb": {
        "lines": [
          null,
          null,
          null,
          null,
          null,
          null,
          null,
          null,
          null,
          null,
          null,
          null,
          null,
          null,
          null,
          null,
          null
        ]
      },
      "/Users/mutuba/Desktop/minesweeper-API/config/initializers/filter_parameter_logging.rb": {
        "lines": [
          null,
          null,
          null,
          null,
          null,
          1,
          null,
          null
        ]
      },
      "/Users/mutuba/Desktop/minesweeper-API/config/initializers/inflections.rb": {
        "lines": [
          null,
          null,
          null,
          null,
          null,
          null,
          null,
          null,
          null,
          null,
          null,
          null,
          null,
          null,
          null,
          null,
          null
        ]
      },
      "/Users/mutuba/Desktop/minesweeper-API/config/initializers/mime_types.rb": {
        "lines": [
          null,
          null,
          null,
          null,
          null
        ]
      },
      "/Users/mutuba/Desktop/minesweeper-API/config/initializers/wrap_parameters.rb": {
        "lines": [
          null,
          null,
          null,
          null,
          null,
          null,
          null,
          null,
          1,
          2,
          null,
          null,
          null,
          null,
          null,
          null
        ]
      },
      "/Users/mutuba/Desktop/minesweeper-API/spec/factories/board.rb": {
        "lines": [
          null,
          null,
          1,
          1,
          1,
          1,
          1,
          null,
          null
        ]
      },
      "/Users/mutuba/Desktop/minesweeper-API/spec/factories/cell.rb": {
        "lines": [
          null,
          null,
          1,
          1,
          1,
          1,
          1,
          null,
          null
        ]
      },
      "/Users/mutuba/Desktop/minesweeper-API/spec/factories/game.rb": {
        "lines": [
          null,
          null,
          1,
          1,
          40,
          1,
          39,
          null,
          null,
          null
        ]
      },
      "/Users/mutuba/Desktop/minesweeper-API/spec/factories/play.rb": {
        "lines": [
          null,
          null,
          1,
          1,
          7,
          7,
          null,
          1,
          null,
          null
        ]
      },
      "/Users/mutuba/Desktop/minesweeper-API/config/routes.rb": {
        "lines": [
          null,
          null,
          1,
          1,
          null,
          1,
          null
        ]
      },
      "/Users/mutuba/Desktop/minesweeper-API/spec/graphql/mutations/games/create_game_spec.rb": {
        "lines": [
          null,
          null,
          1,
          null,
          1,
          1,
          1,
          2,
          null,
          1,
          1,
          1,
          2,
          null,
          1,
          4,
          null,
          null,
          null,
          1,
          1,
          null,
          null,
          null,
          null,
          null,
          null,
          null,
          null,
          null,
          null,
          null,
          null,
          null,
          null,
          null
        ]
      },
      "/Users/mutuba/Desktop/minesweeper-API/app/graphql/mutations/games/create_game.rb": {
        "lines": [
          null,
          null,
          1,
          1,
          1,
          1,
          1,
          null,
          1,
          null,
          1,
          1,
          1,
          1,
          null,
          0,
          null,
          null,
          null,
          null,
          null
        ]
      },
      "/Users/mutuba/Desktop/minesweeper-API/app/graphql/mutations/base_mutation.rb": {
        "lines": [
          null,
          null,
          1,
          1,
          1,
          1,
          1,
          1,
          null,
          null
        ]
      },
      "/Users/mutuba/Desktop/minesweeper-API/app/graphql/types/base_argument.rb": {
        "lines": [
          null,
          null,
          1,
          1,
          null,
          null
        ]
      },
      "/Users/mutuba/Desktop/minesweeper-API/app/graphql/types/base_field.rb": {
        "lines": [
          null,
          null,
          1,
          1,
          1,
          null,
          null
        ]
      },
      "/Users/mutuba/Desktop/minesweeper-API/app/graphql/types/base_input_object.rb": {
        "lines": [
          null,
          null,
          1,
          1,
          1,
          null,
          null
        ]
      },
      "/Users/mutuba/Desktop/minesweeper-API/app/graphql/types/base_object.rb": {
        "lines": [
          null,
          null,
          1,
          1,
          1,
          1,
          1,
          null,
          null
        ]
      },
      "/Users/mutuba/Desktop/minesweeper-API/app/graphql/types/base_edge.rb": {
        "lines": [
          null,
          null,
          1,
          1,
          null,
          1,
          null,
          null
        ]
      },
      "/Users/mutuba/Desktop/minesweeper-API/app/graphql/types/base_connection.rb": {
        "lines": [
          null,
          null,
          1,
          1,
          null,
          1,
          null,
          null
        ]
      },
      "/Users/mutuba/Desktop/minesweeper-API/app/graphql/types/input/board_input_type.rb": {
        "lines": [
          null,
          null,
          1,
          1,
          1,
          1,
          1,
          1,
          null,
          null,
          null
        ]
      },
      "/Users/mutuba/Desktop/minesweeper-API/app/graphql/types/game_type.rb": {
        "lines": [
          null,
          null,
          1,
          1,
          1,
          1,
          1,
          1,
          1,
          null,
          null
        ]
      },
      "/Users/mutuba/Desktop/minesweeper-API/app/graphql/types/board_type.rb": {
        "lines": [
          null,
          null,
          1,
          1,
          1,
          null,
          1,
          1,
          1,
          1,
          null,
          null
        ]
      },
      "/Users/mutuba/Desktop/minesweeper-API/app/graphql/types/cell_type.rb": {
        "lines": [
          null,
          null,
          1,
          1,
          1,
          null,
          1,
          1,
          1,
          1,
          null,
          null
        ]
      },
      "/Users/mutuba/Desktop/minesweeper-API/spec/graphql/mutations/games/play_game_spec.rb": {
        "lines": [
          null,
          null,
          1,
          null,
          1,
          1,
          1,
          3,
          null,
          3,
          null,
          1,
          1,
          2,
          null,
          1,
          1,
          null,
          1,
          1,
          1,
          null,
          null,
          null,
          1,
          2,
          null,
          1,
          1,
          null,
          1,
          1,
          1,
          null,
          null,
          null,
          null,
          1,
          1,
          null,
          null,
          null,
          null,
          null,
          null,
          null,
          null,
          null,
          null,
          null,
          null,
          null,
          null,
          null,
          null,
          null,
          null,
          null,
          null,
          null,
          null,
          null,
          null,
          null,
          null,
          null,
          null,
          1,
          1,
          null,
          null,
          null,
          null,
          null,
          null,
          null,
          null,
          null,
          null,
          null,
          null,
          null,
          null,
          null,
          null,
          null,
          null,
          null,
          null,
          null,
          null,
          null,
          null,
          null,
          null,
          null,
          null,
          1,
          1,
          null,
          null,
          null,
          null,
          null,
          null,
          null,
          null,
          null,
          null,
          null,
          null,
          null,
          null,
          null,
          null,
          null,
          null,
          null,
          null,
          null,
          null,
          null,
          null,
          null,
          null,
          null,
          null,
          null,
          null
        ]
      },
      "/Users/mutuba/Desktop/minesweeper-API/app/graphql/mutations/games/play_game.rb": {
        "lines": [
          null,
          null,
          1,
          1,
          1,
          1,
          null,
          1,
          null,
          1,
          null,
          1,
          3,
          3,
          2,
          null,
          1,
          null,
          0,
          null,
          null,
          null,
          null,
          null
        ]
      },
      "/Users/mutuba/Desktop/minesweeper-API/app/graphql/types/input/move_input_type.rb": {
        "lines": [
          null,
          null,
          1,
          1,
          1,
          1,
          1,
          null,
          null,
          null
        ]
      },
      "/Users/mutuba/Desktop/minesweeper-API/app/graphql/types/play_type.rb": {
        "lines": [
          null,
          null,
          1,
          1,
          1,
          null,
          1,
          1,
          null,
          1,
          null,
          null
        ]
      },
      "/Users/mutuba/Desktop/minesweeper-API/spec/graphql/mutations/games/update_game_spec.rb": {
        "lines": [
          null,
          null,
          1,
          null,
          1,
          1,
          1,
          2,
          null,
          2,
          null,
          1,
          1,
          2,
          null,
          1,
          1,
          1,
          null,
          1,
          1,
          1,
          null,
          null,
          null,
          null,
          1,
          1,
          null,
          null,
          null,
          null,
          null,
          null,
          null,
          null,
          null,
          null,
          null,
          null,
          null
        ]
      },
      "/Users/mutuba/Desktop/minesweeper-API/app/graphql/mutations/games/update_game.rb": {
        "lines": [
          null,
          null,
          1,
          1,
          1,
          1,
          null,
          1,
          1,
          null,
          1,
          null,
          1,
          1,
          null,
          1,
          1,
          1,
          null,
          null,
          0,
          null,
          null,
          null,
          null,
          null,
          null
        ]
      },
      "/Users/mutuba/Desktop/minesweeper-API/spec/graphql/queries/games/fetch_game_spec.rb": {
        "lines": [
          null,
          null,
          1,
          null,
          1,
          1,
          1,
          2,
          null,
          2,
          null,
          1,
          1,
          1,
          1,
          null,
          1,
          null,
          1,
          1,
          1,
          null,
          null,
          null,
          null,
          1,
          1,
          null,
          null,
          null,
          null,
          null,
          null,
          null,
          null,
          null,
          null,
          null,
          null,
          null,
          null
        ]
      },
      "/Users/mutuba/Desktop/minesweeper-API/app/graphql/queries/games/fetch_game.rb": {
        "lines": [
          null,
          null,
          1,
          1,
          1,
          1,
          1,
          null,
          1,
          1,
          null,
          0,
          null,
          null,
          null,
          null
        ]
      },
      "/Users/mutuba/Desktop/minesweeper-API/app/graphql/queries/base_query.rb": {
        "lines": [
          null,
          null,
          1,
          1,
          null,
          null
        ]
      },
      "/Users/mutuba/Desktop/minesweeper-API/spec/graphql/queries/games/fetch_games_spec.rb": {
        "lines": [
          null,
          null,
          1,
          null,
          1,
          1,
          1,
          2,
          null,
          1,
          null,
          1,
          1,
          1,
          1,
          null,
          1,
          null,
          1,
          1,
          1,
          null,
          null,
          null,
          1,
          1,
          null,
          null,
          null,
          null,
          null,
          null,
          null,
          null,
          null,
          null,
          null,
          null,
          null,
          null
        ]
      },
      "/Users/mutuba/Desktop/minesweeper-API/app/graphql/queries/games/fetch_games.rb": {
        "lines": [
          null,
          null,
          1,
          1,
          1,
          1,
          null,
          1,
          1,
          null,
          null,
          null,
          null
        ]
      },
      "/Users/mutuba/Desktop/minesweeper-API/spec/graphql/queries/plays/fetch_play_spec.rb": {
        "lines": [
          null,
          null,
          1,
          null,
          1,
          1,
          1,
          2,
          null,
          1,
          1,
          1,
          1,
          null,
          1,
          null,
          1,
          1,
          1,
          null,
          null,
          null,
          null,
          1,
          1,
          null,
          null,
          null,
          null,
          null,
          null,
          null,
          null,
          null,
          null,
          null,
          null,
          null,
          null,
          null,
          null,
          null,
          null,
          null,
          null
        ]
      },
      "/Users/mutuba/Desktop/minesweeper-API/app/graphql/queries/plays/fetch_play.rb": {
        "lines": [
          null,
          null,
          1,
          1,
          1,
          1,
          1,
          null,
          1,
          1,
          null,
          0,
          null,
          null,
          null,
          null
        ]
      },
      "/Users/mutuba/Desktop/minesweeper-API/spec/graphql/queries/plays/fetch_plays_spec.rb": {
        "lines": [
          null,
          null,
          1,
          null,
          1,
          1,
          1,
          2,
          null,
          1,
          null,
          1,
          1,
          1,
          1,
          null,
          1,
          null,
          1,
          1,
          1,
          null,
          null,
          null,
          1,
          1,
          null,
          null,
          null,
          null,
          null,
          null,
          null,
          null,
          null,
          null,
          null,
          null,
          null,
          null,
          null,
          null,
          null,
          null,
          null,
          null,
          null,
          null,
          null,
          null,
          null
        ]
      },
      "/Users/mutuba/Desktop/minesweeper-API/app/graphql/queries/plays/fetch_plays.rb": {
        "lines": [
          null,
          null,
          1,
          1,
          1,
          1,
          null,
          1,
          1,
          null,
          null,
          null,
          null
        ]
      },
      "/Users/mutuba/Desktop/minesweeper-API/spec/graphql/query_type_spec.rb": {
        "lines": [
          null,
          null,
          1,
          null,
          1,
          null,
          null,
          2,
          null,
          1,
          1,
          1,
          null,
          null,
          null,
          null,
          null,
          null,
          null,
          null,
          null,
          null,
          null,
          null,
          null,
          null,
          null,
          null,
          null,
          null,
          null,
          null,
          null,
          null,
          null,
          null,
          null,
          null
        ]
      },
      "/Users/mutuba/Desktop/minesweeper-API/app/graphql/types/query_type.rb": {
        "lines": [
          null,
          null,
          1,
          1,
          1,
          1,
          null,
          1,
          1,
          null,
          1,
          1,
          null,
          null
        ]
      },
      "/Users/mutuba/Desktop/minesweeper-API/spec/graphql/types/board_type_spec.rb": {
        "lines": [
          null,
          null,
          null,
          null,
          1,
          1,
          null,
          1,
          null,
          1,
          null,
          null,
          1,
          null,
          1,
          null,
          null,
          1,
          null,
          1,
          null,
          null,
          1,
          null,
          1,
          null,
          null,
          1,
          null,
          1,
          null,
          null
        ]
      },
      "/Users/mutuba/Desktop/minesweeper-API/spec/graphql/types/cell_type_spec.rb": {
        "lines": [
          null,
          null,
          null,
          null,
          1,
          1,
          null,
          1,
          null,
          1,
          null,
          null,
          1,
          null,
          1,
          null,
          null,
          1,
          null,
          1,
          null,
          null,
          1,
          null,
          1,
          null,
          null
        ]
      },
      "/Users/mutuba/Desktop/minesweeper-API/spec/graphql/types/game_type_spec.rb": {
        "lines": [
          null,
          null,
          null,
          null,
          1,
          1,
          null,
          1,
          null,
          1,
          null,
          null,
          1,
          null,
          1,
          null,
          null,
          1,
          null,
          1,
          null,
          null
        ]
      },
      "/Users/mutuba/Desktop/minesweeper-API/spec/models/board_spec.rb": {
        "lines": [
          null,
          null,
          1,
          null,
          1,
          2,
          2,
          2,
          null,
          2,
          null,
          2,
          null
        ]
      },
      "/Users/mutuba/Desktop/minesweeper-API/app/models/board.rb": {
        "lines": [
          null,
          null,
          1,
          1,
          1,
          1,
          null,
          1,
          1,
          null,
          1,
          null,
          1,
          null,
          1,
          null,
          1,
          64,
          50,
          50,
          50,
          null,
          null,
          null
        ]
      },
      "/Users/mutuba/Desktop/minesweeper-API/app/models/application_record.rb": {
        "lines": [
          null,
          null,
          1,
          1,
          null
        ]
      },
      "/Users/mutuba/Desktop/minesweeper-API/spec/models/cell_spec.rb": {
        "lines": [
          null,
          null,
          1,
          null,
          1,
          2,
          2,
          2,
          2,
          null,
          1,
          1,
          null,
          null,
          null,
          null,
          null,
          null
        ]
      },
      "/Users/mutuba/Desktop/minesweeper-API/app/models/cell.rb": {
        "lines": [
          null,
          null,
          1,
          1,
          null,
          1,
          null,
          1,
          null,
          1,
          2,
          null,
          null,
          1,
          2,
          null,
          null
        ]
      },
      "/Users/mutuba/Desktop/minesweeper-API/spec/models/game_spec.rb": {
        "lines": [
          null,
          null,
          1,
          null,
          1,
          2,
          null,
          2,
          null,
          2,
          null,
          2,
          null
        ]
      },
      "/Users/mutuba/Desktop/minesweeper-API/app/models/game.rb": {
        "lines": [
          null,
          null,
          1,
          1,
          null,
          1,
          null,
          1,
          null,
          1,
          1,
          null,
          1,
          null,
          1,
          2,
          2,
          2,
          2,
          1,
          1,
          null,
          1,
          1,
          null,
          2,
          2,
          null,
          null,
          1,
          null,
          1,
          44,
          44,
          44,
          44,
          null,
          null,
          null,
          1,
          2,
          2,
          null,
          null,
          1,
          2,
          null,
          null,
          1,
          2,
          null,
          null
        ]
      },
      "/Users/mutuba/Desktop/minesweeper-API/spec/models/play_spec.rb": {
        "lines": [
          null,
          null,
          1,
          null,
          1,
          2,
          2,
          null,
          2,
          null
        ]
      },
      "/Users/mutuba/Desktop/minesweeper-API/app/models/play.rb": {
        "lines": [
          null,
          null,
          1,
          1,
          1,
          null
        ]
      },
      "/Users/mutuba/Desktop/minesweeper-API/app/controllers/graphql_controller.rb": {
        "lines": [
          null,
          null,
          1,
          null,
          null,
          null,
          null,
          null,
          1,
          9,
          9,
          9,
          9,
          null,
          null,
          null,
          9,
          null,
          null,
          9,
          null,
          0,
          null,
          0,
          null,
          null,
          1,
          null,
          null,
          1,
          9,
          null,
          0,
          0,
          null,
          0,
          null,
          null,
          0,
          null,
          0,
          null,
          9,
          null,
          0,
          null,
          null,
          null,
          null,
          null,
          null,
          null,
          null,
          null,
          null
        ]
      },
      "/Users/mutuba/Desktop/minesweeper-API/app/controllers/application_controller.rb": {
        "lines": [
          null,
          null,
          1,
          null
        ]
      },
      "/Users/mutuba/Desktop/minesweeper-API/app/graphql/mine_sweeper_graphql_api_schema.rb": {
        "lines": [
          null,
          null,
          1,
          1,
          1,
          null,
          null,
          1,
          null,
          null,
          0,
          null,
          null,
          null,
          null,
          null,
          1,
          null,
          null,
          null,
          null,
          null,
          null,
          null,
          1,
          null,
          null,
          null,
          null,
          null,
          null,
          null,
          null
        ]
      },
      "/Users/mutuba/Desktop/minesweeper-API/app/graphql/types/mutation_type.rb": {
        "lines": [
          null,
          null,
          1,
          1,
          1,
          1,
          null,
          1,
          null,
          null
        ]
      },
      "/Users/mutuba/Desktop/minesweeper-API/app/services/play_verifier.rb": {
        "lines": [
          null,
          null,
          1,
          1,
          2,
          2,
          null,
          null,
          1,
          2,
          null,
          null,
          1,
          2,
          null,
          null,
          1,
          1,
          null,
          null,
          1,
          2,
          null,
          null,
          1,
          2,
          null,
          null,
          1,
          1,
          null,
          null,
          1,
          4,
          null,
          null,
          1,
          null,
          1,
          8,
          null,
          null,
          1,
          2,
          null,
          null
        ]
      },
      "/Users/mutuba/Desktop/minesweeper-API/app/services/cell_factory.rb": {
        "lines": [
          null,
          null,
          1,
          1,
          null,
          1,
          1,
          1,
          null,
          null,
          1,
          1,
          10,
          100,
          100,
          100,
          100,
          null,
          null,
          null,
          null,
          1,
          null,
          1,
          200,
          null,
          null,
          1,
          1,
          1,
          1,
          10,
          10,
          10,
          null,
          1,
          null,
          null,
          1,
          1,
          null,
          null,
          1,
          100,
          null,
          1100,
          null,
          null,
          1,
          1,
          null,
          null,
          1,
          1,
          null,
          null
        ]
      },
      "/Users/mutuba/Desktop/minesweeper-API/app/services/neighbour.rb": {
        "lines": [
          null,
          null,
          1,
          1,
          1000,
          null,
          null,
          1,
          1170,
          null,
          null,
          null
        ]
      }
    },
    "timestamp": 1625126661
  }
}
